{"t":{"$date":"2021-05-11T22:03:13.302+03:00"},"s":"I",  "c":"CONTROL",  "id":23285,   "ctx":"main","msg":"Automatically disabling TLS 1.0, to force-enable TLS 1.0 specify --sslDisabledProtocols 'none'"}
{"t":{"$date":"2021-05-11T22:03:13.305+03:00"},"s":"W",  "c":"ASIO",     "id":22601,   "ctx":"main","msg":"No TransportLayer configured during NetworkInterface startup"}
{"t":{"$date":"2021-05-11T22:03:13.305+03:00"},"s":"I",  "c":"NETWORK",  "id":4648602, "ctx":"main","msg":"Implicit TCP FastOpen in use."}
{"t":{"$date":"2021-05-11T22:03:13.305+03:00"},"s":"I",  "c":"STORAGE",  "id":4615611, "ctx":"initandlisten","msg":"MongoDB starting","attr":{"pid":42652,"port":27017,"dbPath":"./data/db","architecture":"64-bit","host":"EPUAKYIW04BF"}}
{"t":{"$date":"2021-05-11T22:03:13.305+03:00"},"s":"I",  "c":"CONTROL",  "id":23403,   "ctx":"initandlisten","msg":"Build Info","attr":{"buildInfo":{"version":"4.4.5","gitVersion":"ff5cb77101b052fa02da43b8538093486cf9b3f7","modules":[],"allocator":"system","environment":{"distarch":"x86_64","target_arch":"x86_64"}}}}
{"t":{"$date":"2021-05-11T22:03:13.305+03:00"},"s":"I",  "c":"CONTROL",  "id":51765,   "ctx":"initandlisten","msg":"Operating System","attr":{"os":{"name":"Mac OS X","version":"20.1.0"}}}
{"t":{"$date":"2021-05-11T22:03:13.305+03:00"},"s":"I",  "c":"CONTROL",  "id":21951,   "ctx":"initandlisten","msg":"Options set by command line","attr":{"options":{"config":"./mongod.conf","storage":{"dbPath":"./data/db","journal":{"enabled":true}},"systemLog":{"destination":"file","logAppend":true,"path":"./log/mongo.log"}}}}
{"t":{"$date":"2021-05-11T22:03:13.307+03:00"},"s":"I",  "c":"STORAGE",  "id":22270,   "ctx":"initandlisten","msg":"Storage engine to use detected by data files","attr":{"dbpath":"./data/db","storageEngine":"wiredTiger"}}
{"t":{"$date":"2021-05-11T22:03:13.307+03:00"},"s":"I",  "c":"STORAGE",  "id":22315,   "ctx":"initandlisten","msg":"Opening WiredTiger","attr":{"config":"create,cache_size=15872M,session_max=33000,eviction=(threads_min=4,threads_max=4),config_base=false,statistics=(fast),log=(enabled=true,archive=true,path=journal,compressor=snappy),file_manager=(close_idle_time=100000,close_scan_interval=10,close_handle_minimum=250),statistics_log=(wait=0),verbose=[recovery_progress,checkpoint_progress,compact_progress],"}}
{"t":{"$date":"2021-05-11T22:03:13.831+03:00"},"s":"I",  "c":"STORAGE",  "id":22430,   "ctx":"initandlisten","msg":"WiredTiger message","attr":{"message":"[1620759793:831575][42652:0x10e256e00], txn-recover: [WT_VERB_RECOVERY_PROGRESS] Recovering log 4 through 5"}}
{"t":{"$date":"2021-05-11T22:03:13.864+03:00"},"s":"I",  "c":"STORAGE",  "id":22430,   "ctx":"initandlisten","msg":"WiredTiger message","attr":{"message":"[1620759793:864252][42652:0x10e256e00], txn-recover: [WT_VERB_RECOVERY_PROGRESS] Recovering log 5 through 5"}}
{"t":{"$date":"2021-05-11T22:03:13.911+03:00"},"s":"I",  "c":"STORAGE",  "id":22430,   "ctx":"initandlisten","msg":"WiredTiger message","attr":{"message":"[1620759793:911598][42652:0x10e256e00], txn-recover: [WT_VERB_RECOVERY | WT_VERB_RECOVERY_PROGRESS] Main recovery loop: starting at 4/15744 to 5/256"}}
{"t":{"$date":"2021-05-11T22:03:13.977+03:00"},"s":"I",  "c":"STORAGE",  "id":22430,   "ctx":"initandlisten","msg":"WiredTiger message","attr":{"message":"[1620759793:977814][42652:0x10e256e00], txn-recover: [WT_VERB_RECOVERY_PROGRESS] Recovering log 4 through 5"}}
{"t":{"$date":"2021-05-11T22:03:14.043+03:00"},"s":"I",  "c":"STORAGE",  "id":22430,   "ctx":"initandlisten","msg":"WiredTiger message","attr":{"message":"[1620759794:43927][42652:0x10e256e00], txn-recover: [WT_VERB_RECOVERY_PROGRESS] Recovering log 5 through 5"}}
{"t":{"$date":"2021-05-11T22:03:14.074+03:00"},"s":"I",  "c":"STORAGE",  "id":22430,   "ctx":"initandlisten","msg":"WiredTiger message","attr":{"message":"[1620759794:74655][42652:0x10e256e00], txn-recover: [WT_VERB_RECOVERY | WT_VERB_RECOVERY_PROGRESS] Set global recovery timestamp: (0, 0)"}}
{"t":{"$date":"2021-05-11T22:03:14.074+03:00"},"s":"I",  "c":"STORAGE",  "id":22430,   "ctx":"initandlisten","msg":"WiredTiger message","attr":{"message":"[1620759794:74723][42652:0x10e256e00], txn-recover: [WT_VERB_RECOVERY | WT_VERB_RECOVERY_PROGRESS] Set global oldest timestamp: (0, 0)"}}
{"t":{"$date":"2021-05-11T22:03:14.106+03:00"},"s":"I",  "c":"STORAGE",  "id":22430,   "ctx":"initandlisten","msg":"WiredTiger message","attr":{"message":"[1620759794:106263][42652:0x10e256e00], WT_SESSION.checkpoint: [WT_VERB_CHECKPOINT_PROGRESS] saving checkpoint snapshot min: 1, snapshot max: 1 snapshot count: 0, oldest timestamp: (0, 0) , meta checkpoint timestamp: (0, 0)"}}
{"t":{"$date":"2021-05-11T22:03:14.532+03:00"},"s":"I",  "c":"STORAGE",  "id":4795906, "ctx":"initandlisten","msg":"WiredTiger opened","attr":{"durationMillis":1225}}
{"t":{"$date":"2021-05-11T22:03:14.533+03:00"},"s":"I",  "c":"RECOVERY", "id":23987,   "ctx":"initandlisten","msg":"WiredTiger recoveryTimestamp","attr":{"recoveryTimestamp":{"$timestamp":{"t":0,"i":0}}}}
{"t":{"$date":"2021-05-11T22:03:14.534+03:00"},"s":"I",  "c":"STORAGE",  "id":4366408, "ctx":"initandlisten","msg":"No table logging settings modifications are required for existing WiredTiger tables","attr":{"loggingEnabled":true}}
{"t":{"$date":"2021-05-11T22:03:14.534+03:00"},"s":"I",  "c":"STORAGE",  "id":22262,   "ctx":"initandlisten","msg":"Timestamp monitor starting"}
{"t":{"$date":"2021-05-11T22:03:14.534+03:00"},"s":"W",  "c":"CONTROL",  "id":22120,   "ctx":"initandlisten","msg":"Access control is not enabled for the database. Read and write access to data and configuration is unrestricted","tags":["startupWarnings"]}
{"t":{"$date":"2021-05-11T22:03:14.535+03:00"},"s":"W",  "c":"CONTROL",  "id":22140,   "ctx":"initandlisten","msg":"This server is bound to localhost. Remote systems will be unable to connect to this server. Start the server with --bind_ip <address> to specify which IP addresses it should serve responses from, or with --bind_ip_all to bind to all interfaces. If this behavior is desired, start the server with --bind_ip 127.0.0.1 to disable this warning","tags":["startupWarnings"]}
{"t":{"$date":"2021-05-11T22:03:14.535+03:00"},"s":"W",  "c":"CONTROL",  "id":22184,   "ctx":"initandlisten","msg":"Soft rlimits too low","attr":{"currentValue":256,"recommendedMinimum":64000},"tags":["startupWarnings"]}
{"t":{"$date":"2021-05-11T22:03:14.537+03:00"},"s":"I",  "c":"STORAGE",  "id":20536,   "ctx":"initandlisten","msg":"Flow Control is enabled on this deployment"}
{"t":{"$date":"2021-05-11T22:03:14.537+03:00"},"s":"I",  "c":"FTDC",     "id":20625,   "ctx":"initandlisten","msg":"Initializing full-time diagnostic data capture","attr":{"dataDirectory":"./data/db/diagnostic.data"}}
{"t":{"$date":"2021-05-11T22:03:14.538+03:00"},"s":"I",  "c":"NETWORK",  "id":23015,   "ctx":"listener","msg":"Listening on","attr":{"address":"/tmp/mongodb-27017.sock"}}
{"t":{"$date":"2021-05-11T22:03:14.538+03:00"},"s":"I",  "c":"NETWORK",  "id":23015,   "ctx":"listener","msg":"Listening on","attr":{"address":"127.0.0.1"}}
{"t":{"$date":"2021-05-11T22:03:14.538+03:00"},"s":"I",  "c":"NETWORK",  "id":23016,   "ctx":"listener","msg":"Waiting for connections","attr":{"port":27017,"ssl":"off"}}
{"t":{"$date":"2021-05-11T22:03:21.566+03:00"},"s":"I",  "c":"NETWORK",  "id":22943,   "ctx":"listener","msg":"Connection accepted","attr":{"remote":"127.0.0.1:61173","connectionId":1,"connectionCount":1}}
{"t":{"$date":"2021-05-11T22:03:21.566+03:00"},"s":"I",  "c":"NETWORK",  "id":22943,   "ctx":"listener","msg":"Connection accepted","attr":{"remote":"127.0.0.1:61172","connectionId":2,"connectionCount":2}}
{"t":{"$date":"2021-05-11T22:03:21.566+03:00"},"s":"I",  "c":"NETWORK",  "id":51800,   "ctx":"conn1","msg":"client metadata","attr":{"remote":"127.0.0.1:61173","client":"conn1","doc":{"driver":{"name":"nodejs","version":"4.0.0-beta.1"},"os":{"type":"Darwin","name":"darwin","architecture":"x64","version":"20.1.0"},"platform":"Node.js v12.4.0, LE (unified)|Node.js v12.4.0, LE (unified)","application":{"name":"MongoDB Compass"}}}}
{"t":{"$date":"2021-05-11T22:03:21.566+03:00"},"s":"I",  "c":"NETWORK",  "id":51800,   "ctx":"conn2","msg":"client metadata","attr":{"remote":"127.0.0.1:61172","client":"conn2","doc":{"driver":{"name":"nodejs","version":"4.0.0-beta.1"},"os":{"type":"Darwin","name":"darwin","architecture":"x64","version":"20.1.0"},"platform":"Node.js v12.4.0, LE (unified)|Node.js v12.4.0, LE (unified)","application":{"name":"MongoDB Compass"}}}}
{"t":{"$date":"2021-05-11T22:03:21.568+03:00"},"s":"I",  "c":"NETWORK",  "id":22943,   "ctx":"listener","msg":"Connection accepted","attr":{"remote":"127.0.0.1:61174","connectionId":3,"connectionCount":3}}
{"t":{"$date":"2021-05-11T22:03:21.570+03:00"},"s":"I",  "c":"NETWORK",  "id":51800,   "ctx":"conn3","msg":"client metadata","attr":{"remote":"127.0.0.1:61174","client":"conn3","doc":{"driver":{"name":"nodejs","version":"3.6.3"},"os":{"type":"Darwin","name":"darwin","architecture":"x64","version":"20.1.0"},"platform":"'Node.js v12.4.0, LE (unified)","application":{"name":"MongoDB Compass"}}}}
{"t":{"$date":"2021-05-11T22:03:32.073+03:00"},"s":"I",  "c":"NETWORK",  "id":22943,   "ctx":"listener","msg":"Connection accepted","attr":{"remote":"127.0.0.1:61180","connectionId":4,"connectionCount":4}}
{"t":{"$date":"2021-05-11T22:03:32.074+03:00"},"s":"I",  "c":"NETWORK",  "id":22943,   "ctx":"listener","msg":"Connection accepted","attr":{"remote":"127.0.0.1:61181","connectionId":5,"connectionCount":5}}
{"t":{"$date":"2021-05-11T22:03:32.074+03:00"},"s":"I",  "c":"NETWORK",  "id":51800,   "ctx":"conn4","msg":"client metadata","attr":{"remote":"127.0.0.1:61180","client":"conn4","doc":{"driver":{"name":"nodejs","version":"4.0.0-beta.1"},"os":{"type":"Darwin","name":"darwin","architecture":"x64","version":"20.1.0"},"platform":"Node.js v12.4.0, LE (unified)|Node.js v12.4.0, LE (unified)","application":{"name":"MongoDB Compass"}}}}
{"t":{"$date":"2021-05-11T22:03:32.075+03:00"},"s":"I",  "c":"NETWORK",  "id":51800,   "ctx":"conn5","msg":"client metadata","attr":{"remote":"127.0.0.1:61181","client":"conn5","doc":{"driver":{"name":"nodejs","version":"4.0.0-beta.1"},"os":{"type":"Darwin","name":"darwin","architecture":"x64","version":"20.1.0"},"platform":"Node.js v12.4.0, LE (unified)|Node.js v12.4.0, LE (unified)","application":{"name":"MongoDB Compass"}}}}
{"t":{"$date":"2021-05-11T22:03:32.090+03:00"},"s":"I",  "c":"NETWORK",  "id":22943,   "ctx":"listener","msg":"Connection accepted","attr":{"remote":"127.0.0.1:61182","connectionId":6,"connectionCount":6}}
{"t":{"$date":"2021-05-11T22:03:32.090+03:00"},"s":"I",  "c":"NETWORK",  "id":51800,   "ctx":"conn6","msg":"client metadata","attr":{"remote":"127.0.0.1:61182","client":"conn6","doc":{"driver":{"name":"nodejs","version":"3.6.3"},"os":{"type":"Darwin","name":"darwin","architecture":"x64","version":"20.1.0"},"platform":"'Node.js v12.4.0, LE (unified)","application":{"name":"MongoDB Compass"}}}}
{"t":{"$date":"2021-05-11T22:04:14.536+03:00"},"s":"I",  "c":"STORAGE",  "id":22430,   "ctx":"WTCheckpointThread","msg":"WiredTiger message","attr":{"message":"[1620759854:536570][42652:0x70000759d000], WT_SESSION.checkpoint: [WT_VERB_CHECKPOINT_PROGRESS] saving checkpoint snapshot min: 3, snapshot max: 3 snapshot count: 0, oldest timestamp: (0, 0) , meta checkpoint timestamp: (0, 0)"}}
{"t":{"$date":"2021-05-11T22:04:40.184+03:00"},"s":"I",  "c":"CONTROL",  "id":23377,   "ctx":"SignalHandler","msg":"Received signal","attr":{"signal":2,"error":"Interrupt: 2"}}
{"t":{"$date":"2021-05-11T22:04:40.184+03:00"},"s":"I",  "c":"CONTROL",  "id":23381,   "ctx":"SignalHandler","msg":"will terminate after current cmd ends"}
{"t":{"$date":"2021-05-11T22:04:40.184+03:00"},"s":"I",  "c":"REPL",     "id":4784900, "ctx":"SignalHandler","msg":"Stepping down the ReplicationCoordinator for shutdown","attr":{"waitTimeMillis":10000}}
{"t":{"$date":"2021-05-11T22:04:40.184+03:00"},"s":"I",  "c":"COMMAND",  "id":4784901, "ctx":"SignalHandler","msg":"Shutting down the MirrorMaestro"}
{"t":{"$date":"2021-05-11T22:04:40.184+03:00"},"s":"I",  "c":"SHARDING", "id":4784902, "ctx":"SignalHandler","msg":"Shutting down the WaitForMajorityService"}
{"t":{"$date":"2021-05-11T22:04:40.185+03:00"},"s":"I",  "c":"CONTROL",  "id":4784903, "ctx":"SignalHandler","msg":"Shutting down the LogicalSessionCache"}
{"t":{"$date":"2021-05-11T22:04:40.185+03:00"},"s":"I",  "c":"NETWORK",  "id":20562,   "ctx":"SignalHandler","msg":"Shutdown: going to close listening sockets"}
{"t":{"$date":"2021-05-11T22:04:40.185+03:00"},"s":"I",  "c":"NETWORK",  "id":23017,   "ctx":"listener","msg":"removing socket file","attr":{"path":"/tmp/mongodb-27017.sock"}}
{"t":{"$date":"2021-05-11T22:04:40.185+03:00"},"s":"I",  "c":"NETWORK",  "id":4784905, "ctx":"SignalHandler","msg":"Shutting down the global connection pool"}
{"t":{"$date":"2021-05-11T22:04:40.185+03:00"},"s":"I",  "c":"STORAGE",  "id":4784906, "ctx":"SignalHandler","msg":"Shutting down the FlowControlTicketholder"}
{"t":{"$date":"2021-05-11T22:04:40.185+03:00"},"s":"I",  "c":"-",        "id":20520,   "ctx":"SignalHandler","msg":"Stopping further Flow Control ticket acquisitions."}
{"t":{"$date":"2021-05-11T22:04:40.185+03:00"},"s":"I",  "c":"STORAGE",  "id":4784908, "ctx":"SignalHandler","msg":"Shutting down the PeriodicThreadToAbortExpiredTransactions"}
{"t":{"$date":"2021-05-11T22:04:40.185+03:00"},"s":"I",  "c":"STORAGE",  "id":4784934, "ctx":"SignalHandler","msg":"Shutting down the PeriodicThreadToDecreaseSnapshotHistoryCachePressure"}
{"t":{"$date":"2021-05-11T22:04:40.185+03:00"},"s":"I",  "c":"REPL",     "id":4784909, "ctx":"SignalHandler","msg":"Shutting down the ReplicationCoordinator"}
{"t":{"$date":"2021-05-11T22:04:40.185+03:00"},"s":"I",  "c":"SHARDING", "id":4784910, "ctx":"SignalHandler","msg":"Shutting down the ShardingInitializationMongoD"}
{"t":{"$date":"2021-05-11T22:04:40.185+03:00"},"s":"I",  "c":"REPL",     "id":4784911, "ctx":"SignalHandler","msg":"Enqueuing the ReplicationStateTransitionLock for shutdown"}
{"t":{"$date":"2021-05-11T22:04:40.185+03:00"},"s":"I",  "c":"-",        "id":4784912, "ctx":"SignalHandler","msg":"Killing all operations for shutdown"}
{"t":{"$date":"2021-05-11T22:04:40.185+03:00"},"s":"I",  "c":"-",        "id":4695300, "ctx":"SignalHandler","msg":"Interrupted all currently running operations","attr":{"opsKilled":6}}
{"t":{"$date":"2021-05-11T22:04:40.185+03:00"},"s":"I",  "c":"COMMAND",  "id":4784913, "ctx":"SignalHandler","msg":"Shutting down all open transactions"}
{"t":{"$date":"2021-05-11T22:04:40.185+03:00"},"s":"I",  "c":"REPL",     "id":4784914, "ctx":"SignalHandler","msg":"Acquiring the ReplicationStateTransitionLock for shutdown"}
{"t":{"$date":"2021-05-11T22:04:40.185+03:00"},"s":"I",  "c":"INDEX",    "id":4784915, "ctx":"SignalHandler","msg":"Shutting down the IndexBuildsCoordinator"}
{"t":{"$date":"2021-05-11T22:04:40.185+03:00"},"s":"I",  "c":"REPL",     "id":4784916, "ctx":"SignalHandler","msg":"Reacquiring the ReplicationStateTransitionLock for shutdown"}
{"t":{"$date":"2021-05-11T22:04:40.185+03:00"},"s":"I",  "c":"REPL",     "id":4784917, "ctx":"SignalHandler","msg":"Attempting to mark clean shutdown"}
{"t":{"$date":"2021-05-11T22:04:40.185+03:00"},"s":"I",  "c":"NETWORK",  "id":4784918, "ctx":"SignalHandler","msg":"Shutting down the ReplicaSetMonitor"}
{"t":{"$date":"2021-05-11T22:04:40.185+03:00"},"s":"I",  "c":"SHARDING", "id":4784921, "ctx":"SignalHandler","msg":"Shutting down the MigrationUtilExecutor"}
{"t":{"$date":"2021-05-11T22:04:40.185+03:00"},"s":"I",  "c":"CONTROL",  "id":4784925, "ctx":"SignalHandler","msg":"Shutting down free monitoring"}
{"t":{"$date":"2021-05-11T22:04:40.185+03:00"},"s":"I",  "c":"CONTROL",  "id":20609,   "ctx":"SignalHandler","msg":"Shutting down free monitoring"}
{"t":{"$date":"2021-05-11T22:04:40.185+03:00"},"s":"I",  "c":"STORAGE",  "id":4784927, "ctx":"SignalHandler","msg":"Shutting down the HealthLog"}
{"t":{"$date":"2021-05-11T22:04:40.185+03:00"},"s":"I",  "c":"STORAGE",  "id":4784929, "ctx":"SignalHandler","msg":"Acquiring the global lock for shutdown"}
{"t":{"$date":"2021-05-11T22:04:40.185+03:00"},"s":"I",  "c":"STORAGE",  "id":4784930, "ctx":"SignalHandler","msg":"Shutting down the storage engine"}
{"t":{"$date":"2021-05-11T22:04:40.185+03:00"},"s":"I",  "c":"STORAGE",  "id":22320,   "ctx":"SignalHandler","msg":"Shutting down journal flusher thread"}
{"t":{"$date":"2021-05-11T22:04:40.185+03:00"},"s":"I",  "c":"STORAGE",  "id":22321,   "ctx":"SignalHandler","msg":"Finished shutting down journal flusher thread"}
{"t":{"$date":"2021-05-11T22:04:40.185+03:00"},"s":"I",  "c":"STORAGE",  "id":20282,   "ctx":"SignalHandler","msg":"Deregistering all the collections"}
{"t":{"$date":"2021-05-11T22:04:40.186+03:00"},"s":"I",  "c":"STORAGE",  "id":22261,   "ctx":"SignalHandler","msg":"Timestamp monitor shutting down"}
{"t":{"$date":"2021-05-11T22:04:40.186+03:00"},"s":"I",  "c":"NETWORK",  "id":22944,   "ctx":"conn2","msg":"Connection ended","attr":{"remote":"127.0.0.1:61172","connectionId":2,"connectionCount":5}}
{"t":{"$date":"2021-05-11T22:04:40.186+03:00"},"s":"I",  "c":"NETWORK",  "id":22944,   "ctx":"conn1","msg":"Connection ended","attr":{"remote":"127.0.0.1:61173","connectionId":1,"connectionCount":4}}
{"t":{"$date":"2021-05-11T22:04:40.186+03:00"},"s":"I",  "c":"NETWORK",  "id":22944,   "ctx":"conn3","msg":"Connection ended","attr":{"remote":"127.0.0.1:61174","connectionId":3,"connectionCount":3}}
{"t":{"$date":"2021-05-11T22:04:40.186+03:00"},"s":"I",  "c":"STORAGE",  "id":22317,   "ctx":"SignalHandler","msg":"WiredTigerKVEngine shutting down"}
{"t":{"$date":"2021-05-11T22:04:40.186+03:00"},"s":"I",  "c":"STORAGE",  "id":22318,   "ctx":"SignalHandler","msg":"Shutting down session sweeper thread"}
{"t":{"$date":"2021-05-11T22:04:40.186+03:00"},"s":"I",  "c":"STORAGE",  "id":22319,   "ctx":"SignalHandler","msg":"Finished shutting down session sweeper thread"}
{"t":{"$date":"2021-05-11T22:04:40.186+03:00"},"s":"I",  "c":"STORAGE",  "id":22322,   "ctx":"SignalHandler","msg":"Shutting down checkpoint thread"}
{"t":{"$date":"2021-05-11T22:04:40.186+03:00"},"s":"I",  "c":"STORAGE",  "id":22323,   "ctx":"SignalHandler","msg":"Finished shutting down checkpoint thread"}
{"t":{"$date":"2021-05-11T22:04:40.186+03:00"},"s":"I",  "c":"STORAGE",  "id":4795902, "ctx":"SignalHandler","msg":"Closing WiredTiger","attr":{"closeConfig":"leak_memory=true,"}}
{"t":{"$date":"2021-05-11T22:04:40.187+03:00"},"s":"I",  "c":"STORAGE",  "id":22430,   "ctx":"SignalHandler","msg":"WiredTiger message","attr":{"message":"[1620759880:187837][42652:0x700006ef6000], close_ckpt: [WT_VERB_CHECKPOINT_PROGRESS] saving checkpoint snapshot min: 5, snapshot max: 5 snapshot count: 0, oldest timestamp: (0, 0) , meta checkpoint timestamp: (0, 0)"}}
{"t":{"$date":"2021-05-11T22:04:40.424+03:00"},"s":"I",  "c":"STORAGE",  "id":4795901, "ctx":"SignalHandler","msg":"WiredTiger closed","attr":{"durationMillis":238}}
{"t":{"$date":"2021-05-11T22:04:40.424+03:00"},"s":"I",  "c":"STORAGE",  "id":22279,   "ctx":"SignalHandler","msg":"shutdown: removing fs lock..."}
{"t":{"$date":"2021-05-11T22:04:40.425+03:00"},"s":"I",  "c":"-",        "id":4784931, "ctx":"SignalHandler","msg":"Dropping the scope cache for shutdown"}
{"t":{"$date":"2021-05-11T22:04:40.425+03:00"},"s":"I",  "c":"FTDC",     "id":4784926, "ctx":"SignalHandler","msg":"Shutting down full-time data capture"}
{"t":{"$date":"2021-05-11T22:04:40.425+03:00"},"s":"I",  "c":"FTDC",     "id":20626,   "ctx":"SignalHandler","msg":"Shutting down full-time diagnostic data capture"}
{"t":{"$date":"2021-05-11T22:04:40.426+03:00"},"s":"I",  "c":"CONTROL",  "id":20565,   "ctx":"SignalHandler","msg":"Now exiting"}
{"t":{"$date":"2021-05-11T22:04:40.426+03:00"},"s":"I",  "c":"CONTROL",  "id":23138,   "ctx":"SignalHandler","msg":"Shutting down","attr":{"exitCode":0}}
